<?xml version="1.0" encoding="UTF-8"?>
<testng-results skipped="0" failed="0" total="5" passed="5">
  <reporter-output>
  </reporter-output>
  <suite name="Suite" duration-ms="100" started-at="2018-01-13T11:51:28Z" finished-at="2018-01-13T11:51:28Z">
    <groups>
      <group name="Functional">
        <method signature="Demo2TestNG.Demo2()[pri:0, instance:com.Learnautomation.selenium1.Demo2TestNG@1ccaa]" name="Demo2" class="com.Learnautomation.selenium1.Demo2TestNG"/>
        <method signature="DemoforMaven.Maven1()[pri:0, instance:com.Learnautomation.selenium1.DemoforMaven@1c36524]" name="Maven1" class="com.Learnautomation.selenium1.DemoforMaven"/>
        <method signature="DemoforMaven.Maven3()[pri:0, instance:com.Learnautomation.selenium1.DemoforMaven@1c36524]" name="Maven3" class="com.Learnautomation.selenium1.DemoforMaven"/>
      </group> <!-- Functional -->
      <group name="Regression">
        <method signature="Demo2TestNG.Demo1()[pri:0, instance:com.Learnautomation.selenium1.Demo2TestNG@1ccaa]" name="Demo1" class="com.Learnautomation.selenium1.Demo2TestNG"/>
        <method signature="DemoforMaven.Maven1()[pri:0, instance:com.Learnautomation.selenium1.DemoforMaven@1c36524]" name="Maven1" class="com.Learnautomation.selenium1.DemoforMaven"/>
        <method signature="DemoforMaven.Maven2()[pri:0, instance:com.Learnautomation.selenium1.DemoforMaven@1c36524]" name="Maven2" class="com.Learnautomation.selenium1.DemoforMaven"/>
      </group> <!-- Regression -->
    </groups>
    <test name="Test" duration-ms="100" started-at="2018-01-13T11:51:28Z" finished-at="2018-01-13T11:51:28Z">
      <class name="com.Learnautomation.selenium1.DemoforMaven">
        <test-method status="PASS" signature="Maven1()[pri:0, instance:com.Learnautomation.selenium1.DemoforMaven@1c36524]" name="Maven1" duration-ms="24" started-at="2018-01-13T17:21:28Z" finished-at="2018-01-13T17:21:28Z">
          <reporter-output>
          </reporter-output>
        </test-method> <!-- Maven1 -->
        <test-method status="PASS" signature="Maven2()[pri:0, instance:com.Learnautomation.selenium1.DemoforMaven@1c36524]" name="Maven2" duration-ms="2" started-at="2018-01-13T17:21:28Z" finished-at="2018-01-13T17:21:28Z">
          <reporter-output>
          </reporter-output>
        </test-method> <!-- Maven2 -->
        <test-method status="PASS" signature="Maven3()[pri:0, instance:com.Learnautomation.selenium1.DemoforMaven@1c36524]" name="Maven3" duration-ms="1" started-at="2018-01-13T17:21:28Z" finished-at="2018-01-13T17:21:28Z">
          <reporter-output>
          </reporter-output>
        </test-method> <!-- Maven3 -->
      </class> <!-- com.Learnautomation.selenium1.DemoforMaven -->
      <class name="com.Learnautomation.selenium1.Demo2TestNG">
        <test-method status="PASS" signature="Demo1()[pri:0, instance:com.Learnautomation.selenium1.Demo2TestNG@1ccaa]" name="Demo1" duration-ms="0" started-at="2018-01-13T17:21:28Z" finished-at="2018-01-13T17:21:28Z">
          <reporter-output>
          </reporter-output>
        </test-method> <!-- Demo1 -->
        <test-method status="PASS" signature="Demo2()[pri:0, instance:com.Learnautomation.selenium1.Demo2TestNG@1ccaa]" name="Demo2" duration-ms="1" started-at="2018-01-13T17:21:28Z" finished-at="2018-01-13T17:21:28Z">
          <reporter-output>
          </reporter-output>
        </test-method> <!-- Demo2 -->
      </class> <!-- com.Learnautomation.selenium1.Demo2TestNG -->
    </test> <!-- Test -->
  </suite> <!-- Suite -->
</testng-results>
