<?xml version="1.0" encoding="UTF-8"?>
<!-- Generated by org.testng.reporters.JUnitXMLReporter -->
<testsuite hostname="Romesh-PC" name="Test" tests="5" failures="0" timestamp="20 Dec 2017 03:35:12 GMT" time="0.083" errors="0">
  <testcase name="Maven1" time="0.026" classname="com.Learnautomation.selenium1.DemoforMaven"/>
  <testcase name="Maven2" time="0.002" classname="com.Learnautomation.selenium1.DemoforMaven"/>
  <testcase name="Maven3" time="0.002" classname="com.Learnautomation.selenium1.DemoforMaven"/>
  <testcase name="Demo1" time="0.002" classname="com.Learnautomation.selenium1.Demo2TestNG"/>
  <testcase name="Demo2" time="0.002" classname="com.Learnautomation.selenium1.Demo2TestNG"/>
</testsuite> <!-- Test -->
