<?xml version="1.0" encoding="UTF-8"?>
<testng-results skipped="3" failed="0" total="3" passed="0">
  <reporter-output>
  </reporter-output>
  <suite name="Default suite" duration-ms="389" started-at="2018-01-13T12:39:20Z" finished-at="2018-01-13T12:39:21Z">
    <groups>
    </groups>
    <test name="Default test" duration-ms="389" started-at="2018-01-13T12:39:20Z" finished-at="2018-01-13T12:39:21Z">
      <class name="com.Learnautomation.selenium1.ExtendReport">
        <test-method status="FAIL" signature="f()[pri:0, instance:com.Learnautomation.selenium1.ExtendReport@34c75a]" name="f" is-config="true" duration-ms="0" started-at="2018-01-13T18:09:20Z" finished-at="2018-01-13T18:09:20Z">
          <exception class="java.lang.NullPointerException">
            <full-stacktrace>
              <![CDATA[java.lang.NullPointerException
	at java.io.File.<init>(File.java:277)
	at com.relevantcodes.extentreports.Report.setFilePath(Report.java:527)
	at com.relevantcodes.extentreports.ExtentReports.<init>(ExtentReports.java:80)
	at com.relevantcodes.extentreports.ExtentReports.<init>(ExtentReports.java:375)
	at com.Learnautomation.selenium1.ExtendReport.f(ExtendReport.java:29)
	at sun.reflect.NativeMethodAccessorImpl.invoke0(Native Method)
	at sun.reflect.NativeMethodAccessorImpl.invoke(NativeMethodAccessorImpl.java:62)
	at sun.reflect.DelegatingMethodAccessorImpl.invoke(DelegatingMethodAccessorImpl.java:43)
	at java.lang.reflect.Method.invoke(Method.java:497)
	at org.testng.internal.MethodInvocationHelper.invokeMethod(MethodInvocationHelper.java:80)
	at org.testng.internal.Invoker.invokeConfigurationMethod(Invoker.java:564)
	at org.testng.internal.Invoker.invokeConfigurations(Invoker.java:213)
	at org.testng.internal.Invoker.invokeConfigurations(Invoker.java:138)
	at org.testng.TestRunner.beforeRun(TestRunner.java:641)
	at org.testng.TestRunner.run(TestRunner.java:609)
	at org.testng.SuiteRunner.runTest(SuiteRunner.java:334)
	at org.testng.SuiteRunner.runSequentially(SuiteRunner.java:329)
	at org.testng.SuiteRunner.privateRun(SuiteRunner.java:291)
	at org.testng.SuiteRunner.run(SuiteRunner.java:240)
	at org.testng.SuiteRunnerWorker.runSuite(SuiteRunnerWorker.java:52)
	at org.testng.SuiteRunnerWorker.run(SuiteRunnerWorker.java:86)
	at org.testng.TestNG.runSuitesSequentially(TestNG.java:1198)
	at org.testng.TestNG.runSuitesLocally(TestNG.java:1123)
	at org.testng.TestNG.run(TestNG.java:1031)
	at org.testng.remote.AbstractRemoteTestNG.run(AbstractRemoteTestNG.java:114)
	at org.testng.remote.RemoteTestNG.initAndRun(RemoteTestNG.java:251)
	at org.testng.remote.RemoteTestNG.main(RemoteTestNG.java:77)
]]>
            </full-stacktrace>
          </exception> <!-- java.lang.NullPointerException -->
          <reporter-output>
          </reporter-output>
        </test-method> <!-- f -->
        <test-method status="SKIP" signature="FailedTest()[pri:0, instance:com.Learnautomation.selenium1.ExtendReport@34c75a]" name="FailedTest" duration-ms="11" started-at="2018-01-13T18:09:21Z" finished-at="2018-01-13T18:09:21Z">
          <reporter-output>
          </reporter-output>
        </test-method> <!-- FailedTest -->
        <test-method status="SKIP" signature="getresult(org.testng.ITestResult)[pri:0, instance:com.Learnautomation.selenium1.ExtendReport@34c75a]" name="getresult" is-config="true" duration-ms="0" started-at="2018-01-13T18:09:21Z" finished-at="2018-01-13T18:09:21Z">
          <reporter-output>
          </reporter-output>
        </test-method> <!-- getresult -->
        <test-method status="SKIP" signature="PassedTest()[pri:0, instance:com.Learnautomation.selenium1.ExtendReport@34c75a]" name="PassedTest" duration-ms="5" started-at="2018-01-13T18:09:21Z" finished-at="2018-01-13T18:09:21Z">
          <reporter-output>
          </reporter-output>
        </test-method> <!-- PassedTest -->
        <test-method status="SKIP" signature="getresult(org.testng.ITestResult)[pri:0, instance:com.Learnautomation.selenium1.ExtendReport@34c75a]" name="getresult" is-config="true" duration-ms="0" started-at="2018-01-13T18:09:21Z" finished-at="2018-01-13T18:09:21Z">
          <reporter-output>
          </reporter-output>
        </test-method> <!-- getresult -->
        <test-method status="SKIP" signature="SkipTest()[pri:0, instance:com.Learnautomation.selenium1.ExtendReport@34c75a]" name="SkipTest" duration-ms="4" started-at="2018-01-13T18:09:21Z" finished-at="2018-01-13T18:09:21Z">
          <reporter-output>
          </reporter-output>
        </test-method> <!-- SkipTest -->
        <test-method status="SKIP" signature="getresult(org.testng.ITestResult)[pri:0, instance:com.Learnautomation.selenium1.ExtendReport@34c75a]" name="getresult" is-config="true" duration-ms="0" started-at="2018-01-13T18:09:21Z" finished-at="2018-01-13T18:09:21Z">
          <reporter-output>
          </reporter-output>
        </test-method> <!-- getresult -->
      </class> <!-- com.Learnautomation.selenium1.ExtendReport -->
    </test> <!-- Default test -->
  </suite> <!-- Default suite -->
</testng-results>
