<?xml version="1.0" encoding="UTF-8"?>
<!-- Generated by org.testng.reporters.JUnitXMLReporter -->
<testsuite hostname="Romesh-PC" name="Default test" tests="3" failures="0" timestamp="13 Jan 2018 12:39:21 GMT" time="0.389" errors="0">
  <testcase name="@BeforeTest f" time="0.0" classname="com.Learnautomation.selenium1.ExtendReport">
    <failure type="java.lang.NullPointerException">
      <![CDATA[java.lang.NullPointerException
	at java.io.File.<init>(File.java:277)
	at com.relevantcodes.extentreports.Report.setFilePath(Report.java:527)
	at com.relevantcodes.extentreports.ExtentReports.<init>(ExtentReports.java:80)
	at com.relevantcodes.extentreports.ExtentReports.<init>(ExtentReports.java:375)
	at com.Learnautomation.selenium1.ExtendReport.f(ExtendReport.java:29)
	at sun.reflect.NativeMethodAccessorImpl.invoke0(Native Method)
	at sun.reflect.NativeMethodAccessorImpl.invoke(NativeMethodAccessorImpl.java:62)
	at sun.reflect.DelegatingMethodAccessorImpl.invoke(DelegatingMethodAccessorImpl.java:43)
	at java.lang.reflect.Method.invoke(Method.java:497)
	at org.testng.internal.MethodInvocationHelper.invokeMethod(MethodInvocationHelper.java:80)
	at org.testng.internal.Invoker.invokeConfigurationMethod(Invoker.java:564)
	at org.testng.internal.Invoker.invokeConfigurations(Invoker.java:213)
	at org.testng.internal.Invoker.invokeConfigurations(Invoker.java:138)
	at org.testng.TestRunner.beforeRun(TestRunner.java:641)
	at org.testng.TestRunner.run(TestRunner.java:609)
	at org.testng.SuiteRunner.runTest(SuiteRunner.java:334)
	at org.testng.SuiteRunner.runSequentially(SuiteRunner.java:329)
	at org.testng.SuiteRunner.privateRun(SuiteRunner.java:291)
	at org.testng.SuiteRunner.run(SuiteRunner.java:240)
	at org.testng.SuiteRunnerWorker.runSuite(SuiteRunnerWorker.java:52)
	at org.testng.SuiteRunnerWorker.run(SuiteRunnerWorker.java:86)
	at org.testng.TestNG.runSuitesSequentially(TestNG.java:1198)
	at org.testng.TestNG.runSuitesLocally(TestNG.java:1123)
	at org.testng.TestNG.run(TestNG.java:1031)
	at org.testng.remote.AbstractRemoteTestNG.run(AbstractRemoteTestNG.java:114)
	at org.testng.remote.RemoteTestNG.initAndRun(RemoteTestNG.java:251)
	at org.testng.remote.RemoteTestNG.main(RemoteTestNG.java:77)
]]>
    </failure>
  </testcase> <!-- @BeforeTest f -->
  <testcase name="@AfterMethod getresult" time="0.0" classname="com.Learnautomation.selenium1.ExtendReport">
    <skipped/>
  </testcase> <!-- @AfterMethod getresult -->
  <testcase name="@AfterMethod getresult" time="0.0" classname="com.Learnautomation.selenium1.ExtendReport">
    <skipped/>
  </testcase> <!-- @AfterMethod getresult -->
  <testcase name="@AfterMethod getresult" time="0.0" classname="com.Learnautomation.selenium1.ExtendReport">
    <skipped/>
  </testcase> <!-- @AfterMethod getresult -->
  <testcase name="FailedTest" time="0.011" classname="com.Learnautomation.selenium1.ExtendReport">
    <skipped/>
  </testcase> <!-- FailedTest -->
  <testcase name="PassedTest" time="0.005" classname="com.Learnautomation.selenium1.ExtendReport">
    <skipped/>
  </testcase> <!-- PassedTest -->
  <testcase name="SkipTest" time="0.004" classname="com.Learnautomation.selenium1.ExtendReport">
    <skipped/>
  </testcase> <!-- SkipTest -->
</testsuite> <!-- Default test -->
